2025-08-10 00:43:41,900 | INFO | Linhas totais: 152 | NaT(Data de Término): 76 | Projetos únicos: 152
2025-08-10 00:43:42,718 | INFO | Após filtro: linhas=152 | projetos selecionados=0 | incluir_sem_data=True
2025-08-10 00:47:45,930 | INFO | Linhas totais: 152 | NaT(Data de Término): 76 | Projetos únicos: 152
2025-08-10 00:47:46,413 | INFO | Após filtro: linhas=152 | projetos selecionados=0 | incluir_sem_data=True
2025-08-10 00:48:24,665 | INFO | Após filtro: linhas=152 | projetos selecionados=0 | incluir_sem_data=True
2025-08-10 00:48:38,930 | INFO | Após filtro: linhas=152 | projetos selecionados=0 | incluir_sem_data=True
2025-08-10 00:53:46,040 | INFO | carregado: 152 linhas | projetos únicos=152 | NaT término=76
2025-08-10 00:53:46,057 | INFO | após filtros: 152 linhas | proj=152/152 | incluir_sem_data=True
2025-08-10 00:54:27,083 | INFO | após filtros: 152 linhas | proj=152/152 | incluir_sem_data=True
2025-08-10 00:56:29,843 | INFO | após filtros: 152 linhas | proj=152/152 | incluir_sem_data=True
2025-08-10 00:57:01,179 | INFO | após filtros: 152 linhas | proj=152/152 | incluir_sem_data=True
2025-08-10 00:58:22,136 | INFO | após filtros: 150 linhas | proj=152/152 | incluir_sem_data=True
2025-08-10 00:58:26,651 | INFO | após filtros: 148 linhas | proj=152/152 | incluir_sem_data=True
2025-08-10 00:58:33,644 | INFO | após filtros: 0 linhas | proj=152/152 | incluir_sem_data=True
2025-08-10 00:58:40,177 | INFO | após filtros: 14 linhas | proj=152/152 | incluir_sem_data=True
2025-08-10 00:58:43,486 | INFO | após filtros: 39 linhas | proj=152/152 | incluir_sem_data=True
2025-08-10 00:58:46,671 | INFO | após filtros: 0 linhas | proj=152/152 | incluir_sem_data=True
2025-08-10 00:58:50,498 | INFO | após filtros: 86 linhas | proj=152/152 | incluir_sem_data=True
2025-08-10 00:59:03,108 | INFO | após filtros: 148 linhas | proj=152/152 | incluir_sem_data=True
2025-08-10 01:01:35,230 | INFO | carregado: 152 linhas | projetos únicos=152 | NaT término=76
2025-08-10 01:01:35,253 | INFO | após filtros: 152 linhas | incluir_sem_data=True
2025-08-10 01:01:49,764 | INFO | após filtros: 88 linhas | incluir_sem_data=True
2025-08-10 01:01:54,163 | INFO | após filtros: 40 linhas | incluir_sem_data=True
2025-08-10 01:01:58,179 | INFO | após filtros: 0 linhas | incluir_sem_data=True
2025-08-10 01:02:04,206 | INFO | após filtros: 0 linhas | incluir_sem_data=True
2025-08-10 01:02:09,937 | INFO | após filtros: 0 linhas | incluir_sem_data=True
2025-08-10 01:02:14,436 | INFO | após filtros: 9 linhas | incluir_sem_data=True
2025-08-10 01:02:24,088 | INFO | após filtros: 15 linhas | incluir_sem_data=True
2025-08-10 01:03:29,016 | INFO | carregado: 152 linhas | projetos únicos=152 | NaT término=76
2025-08-10 01:03:29,034 | INFO | após filtros: 152 linhas | incluir_sem_data=True
2025-08-10 01:04:11,003 | INFO | após filtros: 88 linhas | incluir_sem_data=True
2025-08-10 01:04:16,851 | INFO | após filtros: 40 linhas | incluir_sem_data=True
2025-08-10 01:04:23,264 | INFO | após filtros: 88 linhas | incluir_sem_data=True
2025-08-10 01:05:15,314 | INFO | após filtros: 88 linhas | incluir_sem_data=True
2025-08-10 01:05:39,453 | INFO | após filtros: 88 linhas | incluir_sem_data=True
2025-08-10 01:05:49,952 | INFO | após filtros: 152 linhas | incluir_sem_data=True
2025-08-10 01:08:16,405 | INFO | após filtros: 152 linhas | incluir_sem_data=True
2025-08-10 01:08:47,278 | INFO | após filtros: 152 linhas | incluir_sem_data=True
2025-08-10 01:09:06,698 | INFO | após filtros: 152 linhas | incluir_sem_data=True
2025-08-10 01:09:23,450 | INFO | após filtros: 152 linhas | incluir_sem_data=True
